<?xml version="1.0" encoding="UTF-8"?>
<!-- Generated by org.testng.reporters.JUnitXMLReporter -->
<testsuite ignored="0" hostname="Manojs-Air" failures="0" tests="3" name="/Users/yalini/Documents/Learning_Sathya/org.smartbazzar2.com" time="56.825" errors="0" timestamp="2023-03-10T12:17:46 GMT">
  <testcase classname="io.cucumber.testng.AbstractTestNGCucumberTests" name="runScenario" time="12.822"/>
  <testcase classname="io.cucumber.testng.AbstractTestNGCucumberTests" name="runScenario" time="21.318"/>
  <testcase classname="io.cucumber.testng.AbstractTestNGCucumberTests" name="runScenario" time="22.418"/>
</testsuite> <!-- /Users/yalini/Documents/Learning_Sathya/org.smartbazzar2.com -->
