<?xml version="1.0" encoding="UTF-8"?>
<testng-results ignored="0" total="3" passed="3" failed="0" skipped="0">
  <reporter-output>
    <line>
      <![CDATA[Pass]]>
    </line>
  </reporter-output>
  <suite started-at="2023-03-09T18:12:35 GMT" name="Default Suite" finished-at="2023-03-09T18:13:17 GMT" duration-ms="42218">
    <groups>
      <group name="cucumber">
        <method signature="AbstractTestNGCucumberTests.runScenario(io.cucumber.testng.PickleWrapper,io.cucumber.testng.FeatureWrapper)[pri:0, instance:TestRunner.TestRunner1@402e37bc]" name="runScenario" class="io.cucumber.testng.AbstractTestNGCucumberTests"/>
      </group> <!-- cucumber -->
    </groups>
    <test started-at="2023-03-09T18:12:35 GMT" name="org.smartbazzar2.com" finished-at="2023-03-09T18:13:17 GMT" duration-ms="42218">
      <class name="TestRunner.TestRunner1">
        <test-method is-config="true" signature="setUpClass(org.testng.ITestContext)[pri:0, instance:TestRunner.TestRunner1@402e37bc]" started-at="2023-03-09T18:12:35 GMT" name="setUpClass" finished-at="2023-03-09T18:12:35 GMT" duration-ms="301" status="PASS">
          <params>
            <param index="0">
              <value>
                <![CDATA[org.testng.TestRunner@5b5b59]]>
              </value>
            </param>
          </params>
          <reporter-output>
          </reporter-output>
        </test-method> <!-- setUpClass -->
        <test-method signature="runScenario(io.cucumber.testng.PickleWrapper,io.cucumber.testng.FeatureWrapper)[pri:0, instance:TestRunner.TestRunner1@402e37bc]" started-at="2023-03-09T18:12:35 GMT" name="runScenario" description="Runs Cucumber Scenarios" data-provider="scenarios" finished-at="2023-03-09T18:12:43 GMT" duration-ms="7619" status="PASS">
          <params>
            <param index="0">
              <value>
                <![CDATA["User want to check the title of the application"]]>
              </value>
            </param>
            <param index="1">
              <value>
                <![CDATA["Test the title of the application"]]>
              </value>
            </param>
          </params>
          <reporter-output>
            <line>
              <![CDATA[Pass]]>
            </line>
          </reporter-output>
        </test-method> <!-- runScenario -->
        <test-method signature="runScenario(io.cucumber.testng.PickleWrapper,io.cucumber.testng.FeatureWrapper)[pri:0, instance:TestRunner.TestRunner1@402e37bc]" started-at="2023-03-09T18:12:43 GMT" name="runScenario" description="Runs Cucumber Scenarios" data-provider="scenarios" finished-at="2023-03-09T18:13:00 GMT" duration-ms="16549" status="PASS">
          <params>
            <param index="0">
              <value>
                <![CDATA["User wants to search the products"]]>
              </value>
            </param>
            <param index="1">
              <value>
                <![CDATA["To check the functionality of the search"]]>
              </value>
            </param>
          </params>
          <reporter-output>
          </reporter-output>
        </test-method> <!-- runScenario -->
        <test-method signature="runScenario(io.cucumber.testng.PickleWrapper,io.cucumber.testng.FeatureWrapper)[pri:0, instance:TestRunner.TestRunner1@402e37bc]" started-at="2023-03-09T18:13:00 GMT" name="runScenario" description="Runs Cucumber Scenarios" data-provider="scenarios" finished-at="2023-03-09T18:13:17 GMT" duration-ms="17694" status="PASS">
          <params>
            <param index="0">
              <value>
                <![CDATA["User wants to search the products"]]>
              </value>
            </param>
            <param index="1">
              <value>
                <![CDATA["To check the functionality of the search"]]>
              </value>
            </param>
          </params>
          <reporter-output>
          </reporter-output>
        </test-method> <!-- runScenario -->
        <test-method is-config="true" signature="tearDownClass()[pri:0, instance:TestRunner.TestRunner1@402e37bc]" started-at="2023-03-09T18:13:17 GMT" name="tearDownClass" finished-at="2023-03-09T18:13:17 GMT" duration-ms="31" status="PASS">
          <reporter-output>
          </reporter-output>
        </test-method> <!-- tearDownClass -->
      </class> <!-- TestRunner.TestRunner1 -->
    </test> <!-- org.smartbazzar2.com -->
  </suite> <!-- Default Suite -->
</testng-results>
